Test 134 (s_prec_09_lj_s_hidden_notrunc) : FAILED.
    First line of code: {return test("%-.09s", s_hidden);}
    Timed out

Test 259 (d_prec_width_nn_pos_ljzp_ignoreflag) : FAILED.
    First line of code: {return test("%0-3.3d", 6983);}
    Timed out

